<?xml version="1.0" encoding="UTF-8"?>
<testsuite xmlns:xsi="http://www.w3.org/2001/XMLSchema-instance" xsi:noNamespaceSchemaLocation="https://maven.apache.org/surefire/maven-surefire-plugin/xsd/surefire-test-report.xsd" name="com.CalcuAPi.Calcu.CalcuApiApplicationTests" time="2.11" tests="21" errors="0" skipped="0" failures="4">
  <properties>
[...]
</properties>
  <testcase name="Cuadratica" classname="com.CalcuAPi.Calcu.CalcuApiApplicationTests" time="0.374"/>
  <testcase name="Cuadratica2" classname="com.CalcuAPi.Calcu.CalcuApiApplicationTests" time="0.001"/>
  <testcase name="Cuadratica3" classname="com.CalcuAPi.Calcu.CalcuApiApplicationTests" time="0.026">
    <failure message="Expected java.lang.ArithmeticException to be thrown, but nothing was thrown." type="org.opentest4j.AssertionFailedError">org.opentest4j.AssertionFailedError: Expected java.lang.ArithmeticException to be thrown, but nothing was thrown.
	at com.CalcuAPi.Calcu.CalcuApiApplicationTests.Cuadratica3(CalcuApiApplicationTests.java:129)
</failure>
  </testcase>
  <testcase name="Cuadratica4" classname="com.CalcuAPi.Calcu.CalcuApiApplicationTests" time="0.003">
    <failure message="Expected java.lang.ArithmeticException to be thrown, but nothing was thrown." type="org.opentest4j.AssertionFailedError">org.opentest4j.AssertionFailedError: Expected java.lang.ArithmeticException to be thrown, but nothing was thrown.
	at com.CalcuAPi.Calcu.CalcuApiApplicationTests.Cuadratica4(CalcuApiApplicationTests.java:135)
</failure>
  </testcase>
  <testcase name="miSuma" classname="com.CalcuAPi.Calcu.CalcuApiApplicationTests" time="0.002"/>
  <testcase name="midiv2" classname="com.CalcuAPi.Calcu.CalcuApiApplicationTests" time="0.002"/>
  <testcase name="midiv3" classname="com.CalcuAPi.Calcu.CalcuApiApplicationTests" time="0.013"/>
  <testcase name="midiv4" classname="com.CalcuAPi.Calcu.CalcuApiApplicationTests" time="0.004">
    <failure message="expected: not equal but was: &lt;-2.0&gt;" type="org.opentest4j.AssertionFailedError"><![CDATA[org.opentest4j.AssertionFailedError: expected: not equal but was: <-2.0>
	at com.CalcuAPi.Calcu.CalcuApiApplicationTests.midiv4(CalcuApiApplicationTests.java:92)
]]></failure>
  </testcase>
  <testcase name="micua" classname="com.CalcuAPi.Calcu.CalcuApiApplicationTests" time="0.003">
    <failure message="expected array was &lt;null&gt;" type="org.opentest4j.AssertionFailedError"><![CDATA[org.opentest4j.AssertionFailedError: expected array was <null>
	at com.CalcuAPi.Calcu.CalcuApiApplicationTests.micua(CalcuApiApplicationTests.java:104)
]]></failure>
  </testcase>
  <testcase name="midiv" classname="com.CalcuAPi.Calcu.CalcuApiApplicationTests" time="0.002"/>
  <testcase name="miMulti" classname="com.CalcuAPi.Calcu.CalcuApiApplicationTests" time="0.002"/>
  <testcase name="miResta" classname="com.CalcuAPi.Calcu.CalcuApiApplicationTests" time="0.002"/>
  <testcase name="miSuma2" classname="com.CalcuAPi.Calcu.CalcuApiApplicationTests" time="0.001"/>
  <testcase name="miSuma3" classname="com.CalcuAPi.Calcu.CalcuApiApplicationTests" time="0.001"/>
  <testcase name="miSuma4" classname="com.CalcuAPi.Calcu.CalcuApiApplicationTests" time="0.001"/>
  <testcase name="miMulti2" classname="com.CalcuAPi.Calcu.CalcuApiApplicationTests" time="0.002"/>
  <testcase name="miMulti3" classname="com.CalcuAPi.Calcu.CalcuApiApplicationTests" time="0.002"/>
  <testcase name="miMulti4" classname="com.CalcuAPi.Calcu.CalcuApiApplicationTests" time="0.002"/>
  <testcase name="miResta2" classname="com.CalcuAPi.Calcu.CalcuApiApplicationTests" time="0.002"/>
  <testcase name="miResta3" classname="com.CalcuAPi.Calcu.CalcuApiApplicationTests" time="0.002"/>
  <testcase name="miResta4" classname="com.CalcuAPi.Calcu.CalcuApiApplicationTests" time="0.002"/>
</testsuite>